<?xml version="1.0" encoding="UTF-8"?>
<testsuite name="org.springframework.samples.petclinic.controller.OwnerControllerTests" tests="11" skipped="0" failures="0" errors="0" timestamp="2025-11-17T11:59:20" hostname="Chaemins-MacBook-Pro.local" time="0.202">
  <properties/>
  <testcase name="testProcessUpdateOwnerFormHasErrors()" classname="org.springframework.samples.petclinic.controller.OwnerControllerTests" time="0.103"/>
  <testcase name="testProcessCreationFormSuccess()" classname="org.springframework.samples.petclinic.controller.OwnerControllerTests" time="0.005"/>
  <testcase name="testInitFindForm()" classname="org.springframework.samples.petclinic.controller.OwnerControllerTests" time="0.01"/>
  <testcase name="testShowOwner()" classname="org.springframework.samples.petclinic.controller.OwnerControllerTests" time="0.026"/>
  <testcase name="testInitUpdateOwnerForm()" classname="org.springframework.samples.petclinic.controller.OwnerControllerTests" time="0.009"/>
  <testcase name="testInitCreationForm()" classname="org.springframework.samples.petclinic.controller.OwnerControllerTests" time="0.009"/>
  <testcase name="testProcessFindFormByLastName()" classname="org.springframework.samples.petclinic.controller.OwnerControllerTests" time="0.004"/>
  <testcase name="testProcessFindFormNoOwnersFound()" classname="org.springframework.samples.petclinic.controller.OwnerControllerTests" time="0.007"/>
  <testcase name="testProcessFindFormSuccess()" classname="org.springframework.samples.petclinic.controller.OwnerControllerTests" time="0.01"/>
  <testcase name="testProcessUpdateOwnerFormSuccess()" classname="org.springframework.samples.petclinic.controller.OwnerControllerTests" time="0.003"/>
  <testcase name="testProcessCreationFormHasErrors()" classname="org.springframework.samples.petclinic.controller.OwnerControllerTests" time="0.007"/>
  <system-out><![CDATA[2025-11-17 20:59:19.734  INFO 6554 --- [    Test worker] .b.t.a.w.s.WebMvcTestContextBootstrapper : Neither @ContextConfiguration nor @ContextHierarchy found for test class [org.springframework.samples.petclinic.controller.OwnerControllerTests], using SpringBootContextLoader
2025-11-17 20:59:19.735  INFO 6554 --- [    Test worker] o.s.t.c.support.AbstractContextLoader    : Could not detect default resource locations for test class [org.springframework.samples.petclinic.controller.OwnerControllerTests]: no resource found for suffixes {-context.xml, Context.groovy}.
2025-11-17 20:59:19.735  INFO 6554 --- [    Test worker] t.c.s.AnnotationConfigContextLoaderUtils : Could not detect default configuration classes for test class [org.springframework.samples.petclinic.controller.OwnerControllerTests]: OwnerControllerTests does not declare any static, non-private, non-final, nested classes annotated with @Configuration.
2025-11-17 20:59:19.738  INFO 6554 --- [    Test worker] .b.t.c.SpringBootTestContextBootstrapper : Found @SpringBootConfiguration org.springframework.samples.petclinic.Application for test class org.springframework.samples.petclinic.controller.OwnerControllerTests
2025-11-17 20:59:19.738  INFO 6554 --- [    Test worker] .b.t.a.w.s.WebMvcTestContextBootstrapper : Loaded default TestExecutionListener class names from location [META-INF/spring.factories]: [org.springframework.boot.test.autoconfigure.restdocs.RestDocsTestExecutionListener, org.springframework.boot.test.autoconfigure.web.client.MockRestServiceServerResetTestExecutionListener, org.springframework.boot.test.autoconfigure.web.servlet.MockMvcPrintOnlyOnFailureTestExecutionListener, org.springframework.boot.test.autoconfigure.web.servlet.WebDriverTestExecutionListener, org.springframework.boot.test.autoconfigure.webservices.client.MockWebServiceServerTestExecutionListener, org.springframework.boot.test.mock.mockito.MockitoTestExecutionListener, org.springframework.boot.test.mock.mockito.ResetMocksTestExecutionListener, org.springframework.test.context.web.ServletTestExecutionListener, org.springframework.test.context.support.DirtiesContextBeforeModesTestExecutionListener, org.springframework.test.context.event.ApplicationEventsTestExecutionListener, org.springframework.test.context.support.DependencyInjectionTestExecutionListener, org.springframework.test.context.support.DirtiesContextTestExecutionListener, org.springframework.test.context.transaction.TransactionalTestExecutionListener, org.springframework.test.context.jdbc.SqlScriptsTestExecutionListener, org.springframework.test.context.event.EventPublishingTestExecutionListener]
2025-11-17 20:59:19.738  INFO 6554 --- [    Test worker] .b.t.a.w.s.WebMvcTestContextBootstrapper : Using TestExecutionListeners: [org.springframework.test.context.web.ServletTestExecutionListener@738ed8f5, org.springframework.test.context.support.DirtiesContextBeforeModesTestExecutionListener@1cfb7450, org.springframework.test.context.event.ApplicationEventsTestExecutionListener@478c84aa, org.springframework.boot.test.mock.mockito.MockitoTestExecutionListener@1d1deb11, org.springframework.boot.test.autoconfigure.SpringBootDependencyInjectionTestExecutionListener@18d1d137, org.springframework.test.context.support.DirtiesContextTestExecutionListener@5f4f6f89, org.springframework.test.context.transaction.TransactionalTestExecutionListener@7c45191e, org.springframework.test.context.jdbc.SqlScriptsTestExecutionListener@ef220e4, org.springframework.test.context.event.EventPublishingTestExecutionListener@18bc1064, org.springframework.boot.test.autoconfigure.restdocs.RestDocsTestExecutionListener@3cab07dd, org.springframework.boot.test.autoconfigure.web.client.MockRestServiceServerResetTestExecutionListener@68f264bf, org.springframework.boot.test.autoconfigure.web.servlet.MockMvcPrintOnlyOnFailureTestExecutionListener@77988c45, org.springframework.boot.test.autoconfigure.web.servlet.WebDriverTestExecutionListener@f5f8de2, org.springframework.boot.test.autoconfigure.webservices.client.MockWebServiceServerTestExecutionListener@6baee63b, org.springframework.boot.test.mock.mockito.ResetMocksTestExecutionListener@1002b06d]


              |\      _,,,--,,_
             /,`.-'`'   ._  \-;;,_
  _______ __|,4-  ) )_   .;.(__`'-'__     ___ __    _ ___ _______
 |       | '---''(_/._)-'(_\_)   |   |   |   |  |  | |   |       |
 |    _  |    ___|_     _|       |   |   |   |   |_| |   |       | __ _ _
 |   |_| |   |___  |   | |       |   |   |   |       |   |       | \ \ \ \
 |    ___|    ___| |   | |      _|   |___|   |  _    |   |      _|  \ \ \ \
 |   |   |   |___  |   | |     |_|       |   | | |   |   |     |_    ) ) ) )
 |___|   |_______| |___| |_______|_______|___|_|  |__|___|_______|  / / / /
 ==================================================================/_/_/_/

:: Built with Spring Boot :: 2.7.18


2025-11-17 20:59:19.749  INFO 6554 --- [    Test worker] o.s.s.p.controller.OwnerControllerTests  : Starting OwnerControllerTests using Java 17.0.7 on Chaemins-MacBook-Pro.local with PID 6554 (started by chaeminyu in /Users/chaeminyu/Desktop/monolithic-petclinic/monolithic-petclinic/monolith)
2025-11-17 20:59:19.749  INFO 6554 --- [    Test worker] o.s.s.p.controller.OwnerControllerTests  : No active profile set, falling back to 1 default profile: "default"
2025-11-17 20:59:20.086  INFO 6554 --- [    Test worker] o.s.b.t.m.w.SpringBootMockServletContext : Initializing Spring TestDispatcherServlet ''
2025-11-17 20:59:20.086  INFO 6554 --- [    Test worker] o.s.t.web.servlet.TestDispatcherServlet  : Initializing Servlet ''
2025-11-17 20:59:20.086  INFO 6554 --- [    Test worker] o.s.t.web.servlet.TestDispatcherServlet  : Completed initialization in 0 ms
2025-11-17 20:59:20.093  INFO 6554 --- [    Test worker] o.s.s.p.controller.OwnerControllerTests  : Started OwnerControllerTests in 0.354 seconds (JVM running for 3.934)
]]></system-out>
  <system-err><![CDATA[]]></system-err>
</testsuite>
