<?xml version="1.0" encoding="UTF-8"?>
<testsuite name="org.springframework.samples.petclinic.controller.PetControllerTests" tests="6" skipped="0" failures="0" errors="0" timestamp="2025-11-17T11:59:20" hostname="Chaemins-MacBook-Pro.local" time="0.056">
  <properties/>
  <testcase name="testProcessCreationFormSuccess()" classname="org.springframework.samples.petclinic.controller.PetControllerTests" time="0.009"/>
  <testcase name="testProcessUpdateFormSuccess()" classname="org.springframework.samples.petclinic.controller.PetControllerTests" time="0.003"/>
  <testcase name="testInitUpdateForm()" classname="org.springframework.samples.petclinic.controller.PetControllerTests" time="0.021"/>
  <testcase name="testInitCreationForm()" classname="org.springframework.samples.petclinic.controller.PetControllerTests" time="0.006"/>
  <testcase name="testProcessCreationFormHasErrors()" classname="org.springframework.samples.petclinic.controller.PetControllerTests" time="0.007"/>
  <testcase name="testProcessUpdateFormHasErrors()" classname="org.springframework.samples.petclinic.controller.PetControllerTests" time="0.007"/>
  <system-out><![CDATA[2025-11-17 20:59:20.299  INFO 6554 --- [    Test worker] .b.t.a.w.s.WebMvcTestContextBootstrapper : Neither @ContextConfiguration nor @ContextHierarchy found for test class [org.springframework.samples.petclinic.controller.PetControllerTests], using SpringBootContextLoader
2025-11-17 20:59:20.299  INFO 6554 --- [    Test worker] o.s.t.c.support.AbstractContextLoader    : Could not detect default resource locations for test class [org.springframework.samples.petclinic.controller.PetControllerTests]: no resource found for suffixes {-context.xml, Context.groovy}.
2025-11-17 20:59:20.299  INFO 6554 --- [    Test worker] t.c.s.AnnotationConfigContextLoaderUtils : Could not detect default configuration classes for test class [org.springframework.samples.petclinic.controller.PetControllerTests]: PetControllerTests does not declare any static, non-private, non-final, nested classes annotated with @Configuration.
2025-11-17 20:59:20.302  INFO 6554 --- [    Test worker] .b.t.c.SpringBootTestContextBootstrapper : Found @SpringBootConfiguration org.springframework.samples.petclinic.Application for test class org.springframework.samples.petclinic.controller.PetControllerTests
2025-11-17 20:59:20.302  INFO 6554 --- [    Test worker] .b.t.a.w.s.WebMvcTestContextBootstrapper : Loaded default TestExecutionListener class names from location [META-INF/spring.factories]: [org.springframework.boot.test.autoconfigure.restdocs.RestDocsTestExecutionListener, org.springframework.boot.test.autoconfigure.web.client.MockRestServiceServerResetTestExecutionListener, org.springframework.boot.test.autoconfigure.web.servlet.MockMvcPrintOnlyOnFailureTestExecutionListener, org.springframework.boot.test.autoconfigure.web.servlet.WebDriverTestExecutionListener, org.springframework.boot.test.autoconfigure.webservices.client.MockWebServiceServerTestExecutionListener, org.springframework.boot.test.mock.mockito.MockitoTestExecutionListener, org.springframework.boot.test.mock.mockito.ResetMocksTestExecutionListener, org.springframework.test.context.web.ServletTestExecutionListener, org.springframework.test.context.support.DirtiesContextBeforeModesTestExecutionListener, org.springframework.test.context.event.ApplicationEventsTestExecutionListener, org.springframework.test.context.support.DependencyInjectionTestExecutionListener, org.springframework.test.context.support.DirtiesContextTestExecutionListener, org.springframework.test.context.transaction.TransactionalTestExecutionListener, org.springframework.test.context.jdbc.SqlScriptsTestExecutionListener, org.springframework.test.context.event.EventPublishingTestExecutionListener]
2025-11-17 20:59:20.302  INFO 6554 --- [    Test worker] .b.t.a.w.s.WebMvcTestContextBootstrapper : Using TestExecutionListeners: [org.springframework.test.context.web.ServletTestExecutionListener@400d1c30, org.springframework.test.context.support.DirtiesContextBeforeModesTestExecutionListener@3b9a2629, org.springframework.test.context.event.ApplicationEventsTestExecutionListener@50aa9a91, org.springframework.boot.test.mock.mockito.MockitoTestExecutionListener@663e1144, org.springframework.boot.test.autoconfigure.SpringBootDependencyInjectionTestExecutionListener@4efa7d2f, org.springframework.test.context.support.DirtiesContextTestExecutionListener@24bba1b7, org.springframework.test.context.transaction.TransactionalTestExecutionListener@2041c9a3, org.springframework.test.context.jdbc.SqlScriptsTestExecutionListener@36e358de, org.springframework.test.context.event.EventPublishingTestExecutionListener@2bed5828, org.springframework.boot.test.autoconfigure.restdocs.RestDocsTestExecutionListener@52a2e2fb, org.springframework.boot.test.autoconfigure.web.client.MockRestServiceServerResetTestExecutionListener@7c0035dd, org.springframework.boot.test.autoconfigure.web.servlet.MockMvcPrintOnlyOnFailureTestExecutionListener@5089a72b, org.springframework.boot.test.autoconfigure.web.servlet.WebDriverTestExecutionListener@1164990a, org.springframework.boot.test.autoconfigure.webservices.client.MockWebServiceServerTestExecutionListener@549404e7, org.springframework.boot.test.mock.mockito.ResetMocksTestExecutionListener@29c76d75]


              |\      _,,,--,,_
             /,`.-'`'   ._  \-;;,_
  _______ __|,4-  ) )_   .;.(__`'-'__     ___ __    _ ___ _______
 |       | '---''(_/._)-'(_\_)   |   |   |   |  |  | |   |       |
 |    _  |    ___|_     _|       |   |   |   |   |_| |   |       | __ _ _
 |   |_| |   |___  |   | |       |   |   |   |       |   |       | \ \ \ \
 |    ___|    ___| |   | |      _|   |___|   |  _    |   |      _|  \ \ \ \
 |   |   |   |___  |   | |     |_|       |   | | |   |   |     |_    ) ) ) )
 |___|   |_______| |___| |_______|_______|___|_|  |__|___|_______|  / / / /
 ==================================================================/_/_/_/

:: Built with Spring Boot :: 2.7.18


2025-11-17 20:59:20.313  INFO 6554 --- [    Test worker] o.s.s.p.controller.PetControllerTests    : Starting PetControllerTests using Java 17.0.7 on Chaemins-MacBook-Pro.local with PID 6554 (started by chaeminyu in /Users/chaeminyu/Desktop/monolithic-petclinic/monolithic-petclinic/monolith)
2025-11-17 20:59:20.313  INFO 6554 --- [    Test worker] o.s.s.p.controller.PetControllerTests    : No active profile set, falling back to 1 default profile: "default"
2025-11-17 20:59:20.614  INFO 6554 --- [    Test worker] o.s.b.t.m.w.SpringBootMockServletContext : Initializing Spring TestDispatcherServlet ''
2025-11-17 20:59:20.614  INFO 6554 --- [    Test worker] o.s.t.web.servlet.TestDispatcherServlet  : Initializing Servlet ''
2025-11-17 20:59:20.614  INFO 6554 --- [    Test worker] o.s.t.web.servlet.TestDispatcherServlet  : Completed initialization in 0 ms
2025-11-17 20:59:20.620  INFO 6554 --- [    Test worker] o.s.s.p.controller.PetControllerTests    : Started PetControllerTests in 0.316 seconds (JVM running for 4.461)
]]></system-out>
  <system-err><![CDATA[]]></system-err>
</testsuite>
