<?xml version="1.0" encoding="UTF-8"?>
<testsuite name="org.springframework.samples.petclinic.controller.VisitControllerTests" tests="3" skipped="0" failures="0" errors="0" timestamp="2025-11-17T11:59:24" hostname="Chaemins-MacBook-Pro.local" time="0.05">
  <properties/>
  <testcase name="testProcessNewVisitFormHasErrors()" classname="org.springframework.samples.petclinic.controller.VisitControllerTests" time="0.041"/>
  <testcase name="testProcessNewVisitFormSuccess()" classname="org.springframework.samples.petclinic.controller.VisitControllerTests" time="0.002"/>
  <testcase name="testInitNewVisitForm()" classname="org.springframework.samples.petclinic.controller.VisitControllerTests" time="0.005"/>
  <system-out><![CDATA[2025-11-17 20:59:23.535  INFO 6554 --- [    Test worker] .b.t.a.w.s.WebMvcTestContextBootstrapper : Neither @ContextConfiguration nor @ContextHierarchy found for test class [org.springframework.samples.petclinic.controller.VisitControllerTests], using SpringBootContextLoader
2025-11-17 20:59:23.536  INFO 6554 --- [    Test worker] o.s.t.c.support.AbstractContextLoader    : Could not detect default resource locations for test class [org.springframework.samples.petclinic.controller.VisitControllerTests]: no resource found for suffixes {-context.xml, Context.groovy}.
2025-11-17 20:59:23.536  INFO 6554 --- [    Test worker] t.c.s.AnnotationConfigContextLoaderUtils : Could not detect default configuration classes for test class [org.springframework.samples.petclinic.controller.VisitControllerTests]: VisitControllerTests does not declare any static, non-private, non-final, nested classes annotated with @Configuration.
2025-11-17 20:59:23.539  INFO 6554 --- [    Test worker] .b.t.c.SpringBootTestContextBootstrapper : Found @SpringBootConfiguration org.springframework.samples.petclinic.Application for test class org.springframework.samples.petclinic.controller.VisitControllerTests
2025-11-17 20:59:23.540  INFO 6554 --- [    Test worker] .b.t.a.w.s.WebMvcTestContextBootstrapper : Loaded default TestExecutionListener class names from location [META-INF/spring.factories]: [org.springframework.boot.test.autoconfigure.restdocs.RestDocsTestExecutionListener, org.springframework.boot.test.autoconfigure.web.client.MockRestServiceServerResetTestExecutionListener, org.springframework.boot.test.autoconfigure.web.servlet.MockMvcPrintOnlyOnFailureTestExecutionListener, org.springframework.boot.test.autoconfigure.web.servlet.WebDriverTestExecutionListener, org.springframework.boot.test.autoconfigure.webservices.client.MockWebServiceServerTestExecutionListener, org.springframework.boot.test.mock.mockito.MockitoTestExecutionListener, org.springframework.boot.test.mock.mockito.ResetMocksTestExecutionListener, org.springframework.test.context.web.ServletTestExecutionListener, org.springframework.test.context.support.DirtiesContextBeforeModesTestExecutionListener, org.springframework.test.context.event.ApplicationEventsTestExecutionListener, org.springframework.test.context.support.DependencyInjectionTestExecutionListener, org.springframework.test.context.support.DirtiesContextTestExecutionListener, org.springframework.test.context.transaction.TransactionalTestExecutionListener, org.springframework.test.context.jdbc.SqlScriptsTestExecutionListener, org.springframework.test.context.event.EventPublishingTestExecutionListener]
2025-11-17 20:59:23.540  INFO 6554 --- [    Test worker] .b.t.a.w.s.WebMvcTestContextBootstrapper : Using TestExecutionListeners: [org.springframework.test.context.web.ServletTestExecutionListener@1881ef74, org.springframework.test.context.support.DirtiesContextBeforeModesTestExecutionListener@2fcf1d27, org.springframework.test.context.event.ApplicationEventsTestExecutionListener@1ae3d0a8, org.springframework.boot.test.mock.mockito.MockitoTestExecutionListener@5fa73f3a, org.springframework.boot.test.autoconfigure.SpringBootDependencyInjectionTestExecutionListener@484a91f5, org.springframework.test.context.support.DirtiesContextTestExecutionListener@1f3b8bfe, org.springframework.test.context.transaction.TransactionalTestExecutionListener@1b596e21, org.springframework.test.context.jdbc.SqlScriptsTestExecutionListener@7de1cc9f, org.springframework.test.context.event.EventPublishingTestExecutionListener@61b83fef, org.springframework.boot.test.autoconfigure.restdocs.RestDocsTestExecutionListener@229f3c5d, org.springframework.boot.test.autoconfigure.web.client.MockRestServiceServerResetTestExecutionListener@72e76649, org.springframework.boot.test.autoconfigure.web.servlet.MockMvcPrintOnlyOnFailureTestExecutionListener@111c9be, org.springframework.boot.test.autoconfigure.web.servlet.WebDriverTestExecutionListener@2176d934, org.springframework.boot.test.autoconfigure.webservices.client.MockWebServiceServerTestExecutionListener@7a506493, org.springframework.boot.test.mock.mockito.ResetMocksTestExecutionListener@334c80be]


              |\      _,,,--,,_
             /,`.-'`'   ._  \-;;,_
  _______ __|,4-  ) )_   .;.(__`'-'__     ___ __    _ ___ _______
 |       | '---''(_/._)-'(_\_)   |   |   |   |  |  | |   |       |
 |    _  |    ___|_     _|       |   |   |   |   |_| |   |       | __ _ _
 |   |_| |   |___  |   | |       |   |   |   |       |   |       | \ \ \ \
 |    ___|    ___| |   | |      _|   |___|   |  _    |   |      _|  \ \ \ \
 |   |   |   |___  |   | |     |_|       |   | | |   |   |     |_    ) ) ) )
 |___|   |_______| |___| |_______|_______|___|_|  |__|___|_______|  / / / /
 ==================================================================/_/_/_/

:: Built with Spring Boot :: 2.7.18


2025-11-17 20:59:23.615  INFO 6554 --- [    Test worker] o.s.s.p.controller.VisitControllerTests  : Starting VisitControllerTests using Java 17.0.7 on Chaemins-MacBook-Pro.local with PID 6554 (started by chaeminyu in /Users/chaeminyu/Desktop/monolithic-petclinic/monolithic-petclinic/monolith)
2025-11-17 20:59:23.615  INFO 6554 --- [    Test worker] o.s.s.p.controller.VisitControllerTests  : No active profile set, falling back to 1 default profile: "default"
2025-11-17 20:59:24.063  INFO 6554 --- [    Test worker] o.s.b.t.m.w.SpringBootMockServletContext : Initializing Spring TestDispatcherServlet ''
2025-11-17 20:59:24.064  INFO 6554 --- [    Test worker] o.s.t.web.servlet.TestDispatcherServlet  : Initializing Servlet ''
2025-11-17 20:59:24.064  INFO 6554 --- [    Test worker] o.s.t.web.servlet.TestDispatcherServlet  : Completed initialization in 0 ms
2025-11-17 20:59:24.068  INFO 6554 --- [    Test worker] o.s.s.p.controller.VisitControllerTests  : Started VisitControllerTests in 0.527 seconds (JVM running for 7.909)
]]></system-out>
  <system-err><![CDATA[]]></system-err>
</testsuite>
