<?xml version="1.0" encoding="UTF-8"?>
<testsuite name="org.springframework.samples.petclinic.WiremockDemoTest" tests="1" skipped="0" failures="0" errors="0" timestamp="2025-11-17T11:59:18" hostname="Chaemins-MacBook-Pro.local" time="0.145">
  <properties/>
  <testcase name="how_to_stub_a_server_with_wiremock()" classname="org.springframework.samples.petclinic.WiremockDemoTest" time="0.145"/>
  <system-out><![CDATA[2025-11-17 20:59:18.726  INFO 6554 --- [    Test worker] org.eclipse.jetty.util.log               : Logging initialized @2566ms to org.eclipse.jetty.util.log.Slf4jLog
2025-11-17 20:59:18.800  INFO 6554 --- [    Test worker] org.eclipse.jetty.server.Server          : jetty-9.4.53.v20231009; built: 2023-10-09T12:29:09.265Z; git: 27bde00a0b95a1d5bbee0eae7984f891d2d0f8c9; jvm 17.0.7+8-LTS-224
2025-11-17 20:59:18.811  INFO 6554 --- [    Test worker] o.e.jetty.server.handler.ContextHandler  : Started o.e.j.s.ServletContextHandler@7fcc3745{/__admin,null,AVAILABLE}
2025-11-17 20:59:18.812  INFO 6554 --- [    Test worker] o.e.jetty.server.handler.ContextHandler  : Started o.e.j.s.ServletContextHandler@5342eec5{/,null,AVAILABLE}
2025-11-17 20:59:18.819  INFO 6554 --- [    Test worker] o.e.jetty.server.AbstractConnector       : Started NetworkTrafficServerConnector@717a8a76{HTTP/1.1, (http/1.1)}{0.0.0.0:8089}
2025-11-17 20:59:18.819  INFO 6554 --- [    Test worker] org.eclipse.jetty.server.Server          : Started @2660ms
2025-11-17 20:59:18.874  INFO 6554 --- [p1771486148-140] o.e.j.s.handler.ContextHandler.ROOT      : RequestHandlerClass from context returned com.github.tomakehurst.wiremock.http.StubRequestHandler. Normalized mapped under returned 'null'
2025-11-17 20:59:18.942  INFO 6554 --- [    Test worker] o.e.jetty.server.AbstractConnector       : Stopped NetworkTrafficServerConnector@717a8a76{HTTP/1.1, (http/1.1)}{0.0.0.0:8089}
2025-11-17 20:59:18.943  INFO 6554 --- [    Test worker] o.e.jetty.server.handler.ContextHandler  : Stopped o.e.j.s.ServletContextHandler@5342eec5{/,null,STOPPED}
2025-11-17 20:59:18.943  INFO 6554 --- [    Test worker] o.e.jetty.server.handler.ContextHandler  : Stopped o.e.j.s.ServletContextHandler@7fcc3745{/__admin,null,STOPPED}
]]></system-out>
  <system-err><![CDATA[]]></system-err>
</testsuite>
