<?xml version="1.0" encoding="UTF-8"?>
<testsuite name="org.springframework.samples.petclinic.controller.ManagementControllerTests" tests="1" skipped="0" failures="0" errors="0" timestamp="2025-11-17T11:59:19" hostname="Chaemins-MacBook-Pro.local" time="0.225">
  <properties/>
  <testcase name="testShowRevenueHtml()" classname="org.springframework.samples.petclinic.controller.ManagementControllerTests" time="0.225"/>
  <system-out><![CDATA[2025-11-17 20:59:18.947  INFO 6554 --- [    Test worker] .b.t.a.w.s.WebMvcTestContextBootstrapper : Neither @ContextConfiguration nor @ContextHierarchy found for test class [org.springframework.samples.petclinic.controller.ManagementControllerTests], using SpringBootContextLoader
2025-11-17 20:59:18.948  INFO 6554 --- [    Test worker] o.s.t.c.support.AbstractContextLoader    : Could not detect default resource locations for test class [org.springframework.samples.petclinic.controller.ManagementControllerTests]: no resource found for suffixes {-context.xml, Context.groovy}.
2025-11-17 20:59:18.948  INFO 6554 --- [    Test worker] t.c.s.AnnotationConfigContextLoaderUtils : Could not detect default configuration classes for test class [org.springframework.samples.petclinic.controller.ManagementControllerTests]: ManagementControllerTests does not declare any static, non-private, non-final, nested classes annotated with @Configuration.
2025-11-17 20:59:18.957  INFO 6554 --- [    Test worker] .b.t.c.SpringBootTestContextBootstrapper : Found @SpringBootConfiguration org.springframework.samples.petclinic.Application for test class org.springframework.samples.petclinic.controller.ManagementControllerTests
2025-11-17 20:59:18.958  INFO 6554 --- [    Test worker] .b.t.a.w.s.WebMvcTestContextBootstrapper : Loaded default TestExecutionListener class names from location [META-INF/spring.factories]: [org.springframework.boot.test.autoconfigure.restdocs.RestDocsTestExecutionListener, org.springframework.boot.test.autoconfigure.web.client.MockRestServiceServerResetTestExecutionListener, org.springframework.boot.test.autoconfigure.web.servlet.MockMvcPrintOnlyOnFailureTestExecutionListener, org.springframework.boot.test.autoconfigure.web.servlet.WebDriverTestExecutionListener, org.springframework.boot.test.autoconfigure.webservices.client.MockWebServiceServerTestExecutionListener, org.springframework.boot.test.mock.mockito.MockitoTestExecutionListener, org.springframework.boot.test.mock.mockito.ResetMocksTestExecutionListener, org.springframework.test.context.web.ServletTestExecutionListener, org.springframework.test.context.support.DirtiesContextBeforeModesTestExecutionListener, org.springframework.test.context.event.ApplicationEventsTestExecutionListener, org.springframework.test.context.support.DependencyInjectionTestExecutionListener, org.springframework.test.context.support.DirtiesContextTestExecutionListener, org.springframework.test.context.transaction.TransactionalTestExecutionListener, org.springframework.test.context.jdbc.SqlScriptsTestExecutionListener, org.springframework.test.context.event.EventPublishingTestExecutionListener]
2025-11-17 20:59:18.958  INFO 6554 --- [    Test worker] .b.t.a.w.s.WebMvcTestContextBootstrapper : Using TestExecutionListeners: [org.springframework.test.context.web.ServletTestExecutionListener@68c4a860, org.springframework.test.context.support.DirtiesContextBeforeModesTestExecutionListener@570ed9c, org.springframework.test.context.event.ApplicationEventsTestExecutionListener@93f15f6, org.springframework.boot.test.mock.mockito.MockitoTestExecutionListener@5034681f, org.springframework.boot.test.autoconfigure.SpringBootDependencyInjectionTestExecutionListener@1dfe5dd1, org.springframework.test.context.support.DirtiesContextTestExecutionListener@1fe05fff, org.springframework.test.context.transaction.TransactionalTestExecutionListener@6e017950, org.springframework.test.context.jdbc.SqlScriptsTestExecutionListener@1d06801f, org.springframework.test.context.event.EventPublishingTestExecutionListener@727956bb, org.springframework.boot.test.autoconfigure.restdocs.RestDocsTestExecutionListener@6ffbf0ac, org.springframework.boot.test.autoconfigure.web.client.MockRestServiceServerResetTestExecutionListener@ad5cffa, org.springframework.boot.test.autoconfigure.web.servlet.MockMvcPrintOnlyOnFailureTestExecutionListener@237aa0c7, org.springframework.boot.test.autoconfigure.web.servlet.WebDriverTestExecutionListener@1b8ee69d, org.springframework.boot.test.autoconfigure.webservices.client.MockWebServiceServerTestExecutionListener@2b400bd0, org.springframework.boot.test.mock.mockito.ResetMocksTestExecutionListener@fceab5d]


              |\      _,,,--,,_
             /,`.-'`'   ._  \-;;,_
  _______ __|,4-  ) )_   .;.(__`'-'__     ___ __    _ ___ _______
 |       | '---''(_/._)-'(_\_)   |   |   |   |  |  | |   |       |
 |    _  |    ___|_     _|       |   |   |   |   |_| |   |       | __ _ _
 |   |_| |   |___  |   | |       |   |   |   |       |   |       | \ \ \ \
 |    ___|    ___| |   | |      _|   |___|   |  _    |   |      _|  \ \ \ \
 |   |   |   |___  |   | |     |_|       |   | | |   |   |     |_    ) ) ) )
 |___|   |_______| |___| |_______|_______|___|_|  |__|___|_______|  / / / /
 ==================================================================/_/_/_/

:: Built with Spring Boot :: 2.7.18


2025-11-17 20:59:18.974  INFO 6554 --- [    Test worker] o.s.s.p.c.ManagementControllerTests      : Starting ManagementControllerTests using Java 17.0.7 on Chaemins-MacBook-Pro.local with PID 6554 (started by chaeminyu in /Users/chaeminyu/Desktop/monolithic-petclinic/monolithic-petclinic/monolith)
2025-11-17 20:59:18.974  INFO 6554 --- [    Test worker] o.s.s.p.c.ManagementControllerTests      : No active profile set, falling back to 1 default profile: "default"
2025-11-17 20:59:19.496  INFO 6554 --- [    Test worker] o.s.b.t.m.w.SpringBootMockServletContext : Initializing Spring TestDispatcherServlet ''
2025-11-17 20:59:19.497  INFO 6554 --- [    Test worker] o.s.t.web.servlet.TestDispatcherServlet  : Initializing Servlet ''
2025-11-17 20:59:19.497  INFO 6554 --- [    Test worker] o.s.t.web.servlet.TestDispatcherServlet  : Completed initialization in 0 ms
2025-11-17 20:59:19.504  INFO 6554 --- [    Test worker] o.s.s.p.c.ManagementControllerTests      : Started ManagementControllerTests in 0.544 seconds (JVM running for 3.345)
]]></system-out>
  <system-err><![CDATA[]]></system-err>
</testsuite>
